{
  "stats": {
    "suites": 1,
    "tests": 4,
    "passes": 4,
    "pending": 0,
    "failures": 0,
    "start": "2025-06-18T17:18:30.859Z",
    "end": "2025-06-18T17:18:34.697Z",
    "duration": 3838,
    "testsRegistered": 4,
    "passPercent": 100,
    "pendingPercent": 0,
    "other": 0,
    "hasOther": false,
    "skipped": 0,
    "hasSkipped": false
  },
  "results": [
    {
      "uuid": "6aee6614-293d-42bc-924c-9cb396caf5fa",
      "title": "",
      "fullFile": "cypress\\e2e\\cenario4_javascript.cy.js",
      "file": "cypress\\e2e\\cenario4_javascript.cy.js",
      "beforeHooks": [],
      "afterHooks": [],
      "tests": [],
      "suites": [
        {
          "uuid": "60ece03d-3802-45e0-8be4-b4e1087de680",
          "title": "Cenário 4: Interação com Alerts JavaScript",
          "fullFile": "",
          "file": "",
          "beforeHooks": [],
          "afterHooks": [],
          "tests": [
            {
              "title": "Caso 4.1: Deve aceitar um alerta JavaScript",
              "fullTitle": "Cenário 4: Interação com Alerts JavaScript Caso 4.1: Deve aceitar um alerta JavaScript",
              "timedOut": null,
              "duration": 1130,
              "state": "passed",
              "speed": "fast",
              "pass": true,
              "fail": false,
              "pending": false,
              "context": null,
              "code": "cy.on(\"window:alert\", str => {\n  expect(str).to.equal(\"I am a JS Alert\");\n});\ncy.get('button[onclick=\"jsAlert()\"]').click();\ncy.get(\"#result\").should(\"have.text\", \"You successfully clicked an alert\");",
              "err": {},
              "uuid": "0d7191cf-a900-4560-8f95-e99649112c89",
              "parentUUID": "60ece03d-3802-45e0-8be4-b4e1087de680",
              "isHook": false,
              "skipped": false
            },
            {
              "title": "Caso 4.2: Deve confirmar e cancelar um alerta de confirmação JavaScript",
              "fullTitle": "Cenário 4: Interação com Alerts JavaScript Caso 4.2: Deve confirmar e cancelar um alerta de confirmação JavaScript",
              "timedOut": null,
              "duration": 424,
              "state": "passed",
              "speed": "fast",
              "pass": true,
              "fail": false,
              "pending": false,
              "context": null,
              "code": "cy.on(\"window:confirm\", str => {\n  expect(str).to.equal(\"I am a JS Confirm\");\n  return true;\n});\ncy.get('button[onclick=\"jsConfirm()\"]').click();\ncy.get(\"#result\").should(\"have.text\", \"You clicked: Cancel\");\ncy.on(\"window:confirm\", str => {\n  expect(str).to.equal(\"I am a JS Confirm\");\n  return false;\n});\ncy.get('button[onclick=\"jsConfirm()\"]').click();\ncy.get(\"#result\").should(\"have.text\", \"You clicked: Cancel\");",
              "err": {},
              "uuid": "853cc620-d655-4349-b6ca-6e4c69e96b12",
              "parentUUID": "60ece03d-3802-45e0-8be4-b4e1087de680",
              "isHook": false,
              "skipped": false
            },
            {
              "title": "Caso 4.3: Deve inserir texto em um prompt JavaScript e aceitar",
              "fullTitle": "Cenário 4: Interação com Alerts JavaScript Caso 4.3: Deve inserir texto em um prompt JavaScript e aceitar",
              "timedOut": null,
              "duration": 326,
              "state": "passed",
              "speed": "fast",
              "pass": true,
              "fail": false,
              "pending": false,
              "context": null,
              "code": "const inputText = \"Meu Texto de Teste\";\nsimularPromptInput(inputText);\ncy.get('button[onclick=\"jsPrompt()\"]').click();\ncy.get(\"#result\").should(\"have.text\", `You entered: ${inputText}`);",
              "err": {},
              "uuid": "57f95d4a-0e6e-44d7-bd18-e27dc04ef94c",
              "parentUUID": "60ece03d-3802-45e0-8be4-b4e1087de680",
              "isHook": false,
              "skipped": false
            },
            {
              "title": "Caso 4.4: Negativo - Não deve exibir nenhum tipo de alert/confirm/prompt ao clicar em um link normal",
              "fullTitle": "Cenário 4: Interação com Alerts JavaScript Caso 4.4: Negativo - Não deve exibir nenhum tipo de alert/confirm/prompt ao clicar em um link normal",
              "timedOut": null,
              "duration": 338,
              "state": "passed",
              "speed": "fast",
              "pass": true,
              "fail": false,
              "pending": false,
              "context": null,
              "code": "const alertStub = cy.stub().as(\"alertStub\");\nconst confirmStub = cy.stub().as(\"confirmStub\");\nconst promptStub = cy.stub().as(\"promptStub\");\ncy.on(\"window:alert\", alertStub);\ncy.on(\"window:confirm\", confirmStub);\ncy.on(\"window:prompt\", promptStub);\ncy.get('a[href=\"http://elementalselenium.com/\"]').click();\ncy.get(\"@alertStub\").should(\"not.have.been.called\");\ncy.get(\"@confirmStub\").should(\"not.have.been.called\");\ncy.get(\"@promptStub\").should(\"not.have.been.called\");",
              "err": {},
              "uuid": "eef4c06b-27e1-43cf-a6f7-5972555e1fe4",
              "parentUUID": "60ece03d-3802-45e0-8be4-b4e1087de680",
              "isHook": false,
              "skipped": false
            }
          ],
          "suites": [],
          "passes": [
            "0d7191cf-a900-4560-8f95-e99649112c89",
            "853cc620-d655-4349-b6ca-6e4c69e96b12",
            "57f95d4a-0e6e-44d7-bd18-e27dc04ef94c",
            "eef4c06b-27e1-43cf-a6f7-5972555e1fe4"
          ],
          "failures": [],
          "pending": [],
          "skipped": [],
          "duration": 2218,
          "root": false,
          "rootEmpty": false,
          "_timeout": 2000
        }
      ],
      "passes": [],
      "failures": [],
      "pending": [],
      "skipped": [],
      "duration": 0,
      "root": true,
      "rootEmpty": true,
      "_timeout": 2000
    }
  ],
  "meta": {
    "mocha": {
      "version": "7.2.0"
    },
    "mochawesome": {
      "options": {
        "quiet": false,
        "reportFilename": "mochawesome",
        "saveHtml": true,
        "saveJson": true,
        "consoleReporter": "spec",
        "useInlineDiffs": false,
        "code": true
      },
      "version": "7.1.3"
    },
    "marge": {
      "options": {
        "reportDir": "cypress/results",
        "overwrite": false,
        "html": true,
        "json": true
      },
      "version": "6.2.0"
    }
  }
}